18:05:50.115 [SpringApplicationShutdownHook] INFO  o.s.o.j.LocalContainerEntityManagerFactoryBean - Closing JPA EntityManagerFactory for persistence unit 'default'
18:05:50.119 [SpringApplicationShutdownHook] INFO  com.zaxxer.hikari.HikariDataSource - HikariPool-1 - Shutdown initiated...
18:05:50.124 [SpringApplicationShutdownHook] INFO  com.zaxxer.hikari.HikariDataSource - HikariPool-1 - Shutdown completed.
18:05:51.380 [main] INFO  c.m.c.CloudVendorApplication - Starting CloudVendorApplication using Java 21.0.1 with PID 85951 (/Users/mmutuku/workspace/spring/cloudvendorcruddemo/target/classes started by mmutuku in /Users/mmutuku/workspace/spring/cloudvendorcruddemo)
18:05:51.380 [main] DEBUG c.m.c.CloudVendorApplication - Running with Spring Boot v3.2.1, Spring v6.1.2
18:05:51.381 [main] INFO  c.m.c.CloudVendorApplication - No active profile set, falling back to 1 default profile: "default"
18:05:51.896 [main] INFO  o.s.d.r.c.RepositoryConfigurationDelegate - Bootstrapping Spring Data JPA repositories in DEFAULT mode.
18:05:51.931 [main] INFO  o.s.d.r.c.RepositoryConfigurationDelegate - Finished Spring Data repository scanning in 30 ms. Found 1 JPA repository interface.
18:05:52.359 [main] INFO  o.s.b.w.e.tomcat.TomcatWebServer - Tomcat initialized with port 8080 (http)
18:05:52.365 [main] INFO  o.a.coyote.http11.Http11NioProtocol - Initializing ProtocolHandler ["http-nio-8080"]
18:05:52.366 [main] INFO  o.a.catalina.core.StandardService - Starting service [Tomcat]
18:05:52.366 [main] INFO  o.a.catalina.core.StandardEngine - Starting Servlet engine: [Apache Tomcat/10.1.17]
18:05:52.396 [main] INFO  o.a.c.c.C.[Tomcat].[localhost].[/] - Initializing Spring embedded WebApplicationContext
18:05:52.397 [main] INFO  o.s.b.w.s.c.ServletWebServerApplicationContext - Root WebApplicationContext: initialization completed in 983 ms
18:05:52.601 [main] INFO  o.h.jpa.internal.util.LogHelper - HHH000204: Processing PersistenceUnitInfo [name: default]
18:05:52.632 [main] INFO  org.hibernate.Version - HHH000412: Hibernate ORM core version 6.4.1.Final
18:05:52.652 [main] INFO  o.h.c.i.RegionFactoryInitiator - HHH000026: Second-level cache disabled
18:05:52.757 [main] INFO  o.s.o.j.p.SpringPersistenceUnitInfo - No LoadTimeWeaver setup: ignoring JPA class transformer
18:05:52.771 [main] INFO  com.zaxxer.hikari.HikariDataSource - HikariPool-1 - Starting...
18:05:52.855 [main] INFO  com.zaxxer.hikari.pool.HikariPool - HikariPool-1 - Added connection com.mysql.cj.jdbc.ConnectionImpl@1a4cbcc6
18:05:52.856 [main] INFO  com.zaxxer.hikari.HikariDataSource - HikariPool-1 - Start completed.
18:05:52.881 [main] WARN  org.hibernate.dialect.Dialect - HHH000511: The 5.7.39 version for [org.hibernate.dialect.MySQLDialect] is no longer supported, hence certain features may not work properly. The minimum supported version is 8.0.0. Check the community dialects project for available legacy versions.
18:05:53.245 [main] INFO  o.h.e.t.j.p.i.JtaPlatformInitiator - HHH000489: No JTA platform available (set 'hibernate.transaction.jta.platform' to enable JTA platform integration)
18:05:53.247 [main] INFO  o.s.o.j.LocalContainerEntityManagerFactoryBean - Initialized JPA EntityManagerFactory for persistence unit 'default'
18:05:53.496 [main] INFO  o.s.d.j.r.query.QueryEnhancerFactory - Hibernate is in classpath; If applicable, HQL parser will be used.
18:05:53.817 [main] WARN  o.s.b.a.o.j.JpaBaseConfiguration$JpaWebConfiguration - spring.jpa.open-in-view is enabled by default. Therefore, database queries may be performed during view rendering. Explicitly configure spring.jpa.open-in-view to disable this warning
18:05:54.278 [main] INFO  o.s.b.a.e.web.EndpointLinksResolver - Exposing 12 endpoint(s) beneath base path '/cloud-vendor-actuator'
18:05:54.325 [main] INFO  o.a.coyote.http11.Http11NioProtocol - Starting ProtocolHandler ["http-nio-8080"]
18:05:54.333 [main] INFO  o.s.b.w.e.tomcat.TomcatWebServer - Tomcat started on port 8080 (http) with context path ''
18:05:54.346 [main] INFO  c.m.c.CloudVendorApplication - Started CloudVendorApplication in 3.175 seconds (process running for 3.495)
18:05:56.502 [http-nio-8080-exec-2] INFO  o.a.c.c.C.[Tomcat].[localhost].[/] - Initializing Spring DispatcherServlet 'dispatcherServlet'
18:05:56.502 [http-nio-8080-exec-2] INFO  o.s.web.servlet.DispatcherServlet - Initializing Servlet 'dispatcherServlet'
18:05:56.503 [http-nio-8080-exec-2] INFO  o.s.web.servlet.DispatcherServlet - Completed initialization in 1 ms
18:05:56.524 [http-nio-8080-exec-2] INFO  c.m.c.c.CloudVendorController - Fetching Cloud Vendor Details with ID cv1 ...
18:05:56.524 [http-nio-8080-exec-2] DEBUG c.m.c.c.CloudVendorController - Entering DEBUG log
18:07:14.347 [SpringApplicationShutdownHook] INFO  o.s.o.j.LocalContainerEntityManagerFactoryBean - Closing JPA EntityManagerFactory for persistence unit 'default'
18:07:14.348 [SpringApplicationShutdownHook] INFO  com.zaxxer.hikari.HikariDataSource - HikariPool-1 - Shutdown initiated...
18:07:14.351 [SpringApplicationShutdownHook] INFO  com.zaxxer.hikari.HikariDataSource - HikariPool-1 - Shutdown completed.
